<?xml version="1.0" encoding="UTF-8"?>
<!-- Generated by org.testng.reporters.JUnitXMLReporter -->
<testsuite ignored="22" hostname="Dellsys66-PC" failures="0" tests="0" time="0.152" errors="0" timestamp="2024-12-16T15:43:20 IST">
  <testcase classname="testCases.TC006_Amendment" name="verify_Amendment" time="0.0">
    <ignored/>
  </testcase> <!-- verify_Amendment -->
  <testcase classname="testCases.TC012_InvestigateMBC" name="Verify_TransferShares" time="0.0">
    <ignored/>
  </testcase> <!-- Verify_TransferShares -->
  <testcase classname="testCases.TC019_BVISFC" name="verifyBVISFC" time="0.0">
    <ignored/>
  </testcase> <!-- verifyBVISFC -->
  <testcase classname="testCases.TC003_CreateRegAgent" name="Verfiy_CreateRegAgent" time="0.0">
    <ignored/>
  </testcase> <!-- Verfiy_CreateRegAgent -->
  <testcase classname="testCases.TC008_SearchMicroBusinessCompany" name="verify_SearchMicroBusinessCompany" time="0.0">
    <ignored/>
  </testcase> <!-- verify_SearchMicroBusinessCompany -->
  <testcase classname="testCases.TC010_Strike_OffMBC" name="verify_StrikOffMBC" time="0.0">
    <ignored/>
  </testcase> <!-- verify_StrikOffMBC -->
  <testcase classname="testCases.TC002_RegisterMBC" name="Verify_RegisterMBC" time="0.0">
    <ignored/>
  </testcase> <!-- Verify_RegisterMBC -->
  <testcase classname="testCases.TC001_LoginPageTest" name="verify_loginpage" time="0.0">
    <ignored/>
  </testcase> <!-- verify_loginpage -->
  <testcase classname="testCases.TC016_AddNewRole" name="VerifyAddNewRole" time="0.0">
    <ignored/>
  </testcase> <!-- VerifyAddNewRole -->
  <testcase classname="testCases.TC020_FAQs" name="verifyFAQs" time="0.0">
    <ignored/>
  </testcase> <!-- verifyFAQs -->
  <testcase classname="testCases.TC017_AppointmentofLiquidator" name="verifyAppointmentofLiquidator" time="0.0">
    <ignored/>
  </testcase> <!-- verifyAppointmentofLiquidator -->
  <testcase classname="testCases.TC014_CreateROCAUser" name="verifyCreateROCAUser" time="0.0">
    <ignored/>
  </testcase> <!-- verifyCreateROCAUser -->
  <testcase classname="testCases.TC024_DashBorad" name="VerifyDashBorad" time="0.0">
    <ignored/>
  </testcase> <!-- VerifyDashBorad -->
  <testcase classname="testCases.TC015_ModifyROCAUser" name="VerifyModifyROCAUser" time="0.0">
    <ignored/>
  </testcase> <!-- VerifyModifyROCAUser -->
  <testcase classname="testCases.TC018_BusinessPurpose" name="verifyBusinessPurpose" time="0.0">
    <ignored/>
  </testcase> <!-- verifyBusinessPurpose -->
  <testcase classname="testCases.TC013_CreateRAUser" name="verify_CreateRAUser" time="0.0">
    <ignored/>
  </testcase> <!-- verify_CreateRAUser -->
  <testcase classname="testCases.TC011_Loginwith_ROCAUser" name="Verify_Login_ROCAUser" time="0.0">
    <ignored/>
  </testcase> <!-- Verify_Login_ROCAUser -->
  <testcase classname="testCases.TC004_ExtensionofTime" name="Verify_ExtensionofTime" time="0.0">
    <ignored/>
  </testcase> <!-- Verify_ExtensionofTime -->
  <testcase classname="testCases.TC007_TransferShares" name="verify_TransferShares" time="0.0">
    <ignored/>
  </testcase> <!-- verify_TransferShares -->
  <testcase classname="testCases.TC009_ProtfolioTransactionSummary" name="verifyProfolioTransactionSummary" time="0.0">
    <ignored/>
  </testcase> <!-- verifyProfolioTransactionSummary -->
  <testcase classname="testCases.TC021_CourtOrderedInvestigation" name="verifyCourtOrderInvestigation" time="0.0">
    <ignored/>
  </testcase> <!-- verifyCourtOrderInvestigation -->
  <testcase classname="testCases.TC005_AnnualReturn" name="verify_AnnualReturn" time="0.0">
    <ignored/>
  </testcase> <!-- verify_AnnualReturn -->
</testsuite>
