<?xml version="1.0" encoding="UTF-8"?>
<!-- Generated by org.testng.reporters.JUnitXMLReporter -->
<testsuite ignored="5" hostname="Dellsys66-PC" failures="0" tests="1" name="Test1" time="51.343" errors="0" timestamp="2024-12-16T15:44:12 IST">
  <testcase classname="testCases.TC28_AccountDeposit" name="verifyAccountDeposti" time="28.955"/>
  <testcase classname="testCases.TC27_RRAdminDashBoradRejectedTransations" name="VerifyRejectedTransations" time="0.0">
    <ignored/>
  </testcase> <!-- VerifyRejectedTransations -->
  <testcase classname="testCases.TC023_VolutaryLiquidator" name="verifyVolutaryLiquidator" time="0.0">
    <ignored/>
  </testcase> <!-- verifyVolutaryLiquidator -->
  <testcase classname="testCases.TC022_CourtOrderTermination" name="verifyCourtOrderTermination" time="0.0">
    <ignored/>
  </testcase> <!-- verifyCourtOrderTermination -->
  <testcase classname="testCases.TC025_RAAdminDashBorad" name="verifyRaAdmin" time="0.0">
    <ignored/>
  </testcase> <!-- verifyRaAdmin -->
  <testcase classname="testCases.TC26_RAAdminDashBoradPendingTransactions" name="VerifyPendingTransactions" time="0.0">
    <ignored/>
  </testcase> <!-- VerifyPendingTransactions -->
</testsuite> <!-- Test1 -->
