<?xml version="1.0" encoding="UTF-8"?>
<!-- Generated by org.testng.reporters.JUnitXMLReporter -->
<testsuite ignored="2" hostname="Dellsys66-PC" failures="0" tests="1" name="Test1" time="25.143" errors="0" timestamp="2024-12-03T17:47:22 IST">
  <testcase classname="testCases.TC025_RAAdminDashBorad" name="verifyRaAdmin" time="1.105"/>
  <testcase classname="testCases.TC022_CourtOrderTermination" name="verifyCourtOrderTermination" time="0.0">
    <ignored/>
  </testcase> <!-- verifyCourtOrderTermination -->
  <testcase classname="testCases.TC023_VolutaryLiquidator" name="verifyVolutaryLiquidator" time="0.0">
    <ignored/>
  </testcase> <!-- verifyVolutaryLiquidator -->
</testsuite> <!-- Test1 -->
