<?xml version="1.0" encoding="UTF-8"?>
<!-- Generated by org.testng.reporters.JUnitXMLReporter -->
<testsuite ignored="0" hostname="Dellsys66-PC" failures="3" tests="15" name="chromeTest" time="471.713" errors="0" timestamp="2024-11-14T17:47:02 IST">
  <testcase classname="testCases.TC001_LoginPageTest" name="verify_loginpage" time="1.504"/>
  <testcase classname="testCases.TC002_RegisterMBC" name="Verify_RegisterMBC" time="12.592">
    <failure type="java.lang.AssertionError" message="null">
      <![CDATA[java.lang.AssertionError: null
at testCases.TC002_RegisterMBC.Verify_RegisterMBC(TC002_RegisterMBC.java:77)
at java.base/java.util.ArrayList.forEach(ArrayList.java:1597)
... Removed 27 stack frames]]>
    </failure>
  </testcase> <!-- Verify_RegisterMBC -->
  <testcase classname="testCases.TC003_CreateRegAgent" name="Verfiy_CreateRegAgent" time="5.036"/>
  <testcase classname="testCases.TC004_ExtensionofTime" name="Verify_ExtensionofTime" time="9.413"/>
  <testcase classname="testCases.TC005_AnnualReturn" name="verify_AnnualReturn" time="3.349"/>
  <testcase classname="testCases.TC006_Amendment" name="verify_Amendment" time="6.638"/>
  <testcase classname="testCases.TC007_TransferShares" name="verify_TransferShares" time="10.842"/>
  <testcase classname="testCases.TC008_SearchMicroBusinessCompany" name="verify_SearchMicroBusinessCompany" time="13.118"/>
  <testcase classname="testCases.TC009_ProtfolioTransactionSummary" name="verifyProfolioTransactionSummary" time="9.251"/>
  <testcase classname="testCases.TC010_Strike_OffMBC" name="verify_StrikOffMBC" time="3.591"/>
  <testcase classname="testCases.TC011_Loginwith_ROCAUser" name="Verify_Login_ROCAUser" time="1.482"/>
  <testcase classname="testCases.TC012_InvestigateMBC" name="Verify_TransferShares" time="11.811">
    <failure type="java.lang.AssertionError" message="null">
      <![CDATA[java.lang.AssertionError: null
at testCases.TC012_InvestigateMBC.Verify_TransferShares(TC012_InvestigateMBC.java:61)
at java.base/java.util.ArrayList.forEach(ArrayList.java:1597)
... Removed 27 stack frames]]>
    </failure>
  </testcase> <!-- Verify_TransferShares -->
  <testcase classname="testCases.TC013_CreateRAUser" name="verify_CreateRAUser" time="5.569"/>
  <testcase classname="testCases.TC014_CreateROCAUser" name="verifyCreateROCAUser" time="3.063">
    <failure type="java.lang.AssertionError" message="null">
      <![CDATA[java.lang.AssertionError: null
at testCases.TC014_CreateROCAUser.verifyCreateROCAUser(TC014_CreateROCAUser.java:82)
at java.base/java.util.ArrayList.forEach(ArrayList.java:1597)
... Removed 27 stack frames]]>
    </failure>
  </testcase> <!-- verifyCreateROCAUser -->
  <testcase classname="testCases.TC015_ModifyROCAUser" name="VerifyModifyROCAUser" time="7.285"/>
</testsuite> <!-- chromeTest -->
