<?xml version="1.0" encoding="UTF-8"?>
<!-- Generated by org.testng.reporters.JUnitXMLReporter -->
<testsuite ignored="6" hostname="Dellsys66-PC" failures="0" tests="3" name="chromeTest" time="110.402" errors="0" timestamp="2024-10-28T16:00:25 IST">
  <testcase classname="testCases.TC001_LoginPageTest" name="verify_loginpage" time="1.076"/>
  <testcase classname="testCases.TC002_RegisterMBC" name="Verify_RegisterMBC" time="6.2"/>
  <testcase classname="testCases.TC003_CreateRegAgent" name="Verfiy_CreateRegAgent" time="4.221"/>
  <testcase classname="testCases.TC009_ProtfolioTransactionSummary" name="verifyProfolioTransactionSummary" time="0.0">
    <ignored/>
  </testcase> <!-- verifyProfolioTransactionSummary -->
  <testcase classname="testCases.TC006_Amendment" name="verify_Amendment" time="0.0">
    <ignored/>
  </testcase> <!-- verify_Amendment -->
  <testcase classname="testCases.TC008_SearchMicroBusinessCompany" name="verify_SearchMicroBusinessCompany" time="0.0">
    <ignored/>
  </testcase> <!-- verify_SearchMicroBusinessCompany -->
  <testcase classname="testCases.TC007_TransferShares" name="verify_TransferShares" time="0.0">
    <ignored/>
  </testcase> <!-- verify_TransferShares -->
  <testcase classname="testCases.TC005_AnnualReturn" name="verify_AnnualReturn" time="0.0">
    <ignored/>
  </testcase> <!-- verify_AnnualReturn -->
  <testcase classname="testCases.TC004_ExtensionofTime" name="Verify_ExtensionofTime" time="0.0">
    <ignored/>
  </testcase> <!-- Verify_ExtensionofTime -->
</testsuite> <!-- chromeTest -->
