<?xml version="1.0" encoding="UTF-8"?>
<!-- Generated by org.testng.reporters.JUnitXMLReporter -->
<testsuite ignored="0" hostname="Dellsys66-PC" failures="1" tests="13" name="edgeTest" time="410.728" errors="0" timestamp="2024-11-01T17:45:28 IST">
  <testcase classname="testCases.TC001_LoginPageTest" name="verify_loginpage" time="2.225"/>
  <testcase classname="testCases.TC002_RegisterMBC" name="Verify_RegisterMBC" time="6.612"/>
  <testcase classname="testCases.TC003_CreateRegAgent" name="Verfiy_CreateRegAgent" time="5.379"/>
  <testcase classname="testCases.TC004_ExtensionofTime" name="Verify_ExtensionofTime" time="9.937"/>
  <testcase classname="testCases.TC005_AnnualReturn" name="verify_AnnualReturn" time="3.57"/>
  <testcase classname="testCases.TC006_Amendment" name="verify_Amendment" time="7.164"/>
  <testcase classname="testCases.TC007_TransferShares" name="verify_TransferShares" time="10.592"/>
  <testcase classname="testCases.TC008_SearchMicroBusinessCompany" name="verify_SearchMicroBusinessCompany" time="15.246"/>
  <testcase classname="testCases.TC009_ProtfolioTransactionSummary" name="verifyProfolioTransactionSummary" time="8.452"/>
  <testcase classname="testCases.TC010_Strike_OffMBC" name="verify_StrikOffMBC" time="4.945"/>
  <testcase classname="testCases.TC011_Loginwith_ROCAUser" name="Verify_Login_ROCAUser" time="2.194"/>
  <testcase classname="testCases.TC012_InvestigateMBC" name="Verify_TransferShares" time="11.91">
    <failure type="java.lang.AssertionError" message="null">
      <![CDATA[java.lang.AssertionError: null
at testCases.TC012_InvestigateMBC.Verify_TransferShares(TC012_InvestigateMBC.java:60)
at java.base/java.util.ArrayList.forEach(ArrayList.java:1597)
... Removed 27 stack frames]]>
    </failure>
  </testcase> <!-- Verify_TransferShares -->
  <testcase classname="testCases.TC013_CreateRAUser" name="verify_CreateRAUser" time="4.09"/>
</testsuite> <!-- edgeTest -->
