<?xml version="1.0" encoding="UTF-8"?>
<!-- Generated by org.testng.reporters.JUnitXMLReporter -->
<testsuite ignored="0" hostname="Dellsys66-PC" failures="1" tests="13" name="firefoxTest" time="369.214" errors="0" timestamp="2024-11-01T17:51:38 IST">
  <testcase classname="testCases.TC001_LoginPageTest" name="verify_loginpage" time="2.812"/>
  <testcase classname="testCases.TC002_RegisterMBC" name="Verify_RegisterMBC" time="7.24"/>
  <testcase classname="testCases.TC003_CreateRegAgent" name="Verfiy_CreateRegAgent" time="3.452"/>
  <testcase classname="testCases.TC004_ExtensionofTime" name="Verify_ExtensionofTime" time="9.872"/>
  <testcase classname="testCases.TC005_AnnualReturn" name="verify_AnnualReturn" time="3.189"/>
  <testcase classname="testCases.TC006_Amendment" name="verify_Amendment" time="6.911"/>
  <testcase classname="testCases.TC007_TransferShares" name="verify_TransferShares" time="26.363"/>
  <testcase classname="testCases.TC008_SearchMicroBusinessCompany" name="verify_SearchMicroBusinessCompany" time="32.901"/>
  <testcase classname="testCases.TC009_ProtfolioTransactionSummary" name="verifyProfolioTransactionSummary" time="21.693"/>
  <testcase classname="testCases.TC010_Strike_OffMBC" name="verify_StrikOffMBC" time="5.598"/>
  <testcase classname="testCases.TC011_Loginwith_ROCAUser" name="Verify_Login_ROCAUser" time="0.978"/>
  <testcase classname="testCases.TC012_InvestigateMBC" name="Verify_TransferShares" time="12.073">
    <failure type="java.lang.AssertionError" message="null">
      <![CDATA[java.lang.AssertionError: null
at testCases.TC012_InvestigateMBC.Verify_TransferShares(TC012_InvestigateMBC.java:60)
at java.base/java.util.ArrayList.forEach(ArrayList.java:1597)
... Removed 27 stack frames]]>
    </failure>
  </testcase> <!-- Verify_TransferShares -->
  <testcase classname="testCases.TC013_CreateRAUser" name="verify_CreateRAUser" time="3.268"/>
</testsuite> <!-- firefoxTest -->
