<?xml version="1.0" encoding="UTF-8"?>
<!-- Generated by org.testng.reporters.JUnitXMLReporter -->
<testsuite ignored="0" hostname="Dellsys66-PC" failures="2" tests="15" name="firefoxTest" time="479.864" errors="0" timestamp="2024-11-14T18:03:34 IST">
  <testcase classname="testCases.TC001_LoginPageTest" name="verify_loginpage" time="3.466"/>
  <testcase classname="testCases.TC002_RegisterMBC" name="Verify_RegisterMBC" time="12.985">
    <failure type="java.lang.AssertionError" message="null">
      <![CDATA[java.lang.AssertionError: null
at testCases.TC002_RegisterMBC.Verify_RegisterMBC(TC002_RegisterMBC.java:77)
at java.base/java.util.ArrayList.forEach(ArrayList.java:1597)
... Removed 27 stack frames]]>
    </failure>
  </testcase> <!-- Verify_RegisterMBC -->
  <testcase classname="testCases.TC003_CreateRegAgent" name="Verfiy_CreateRegAgent" time="4.301"/>
  <testcase classname="testCases.TC004_ExtensionofTime" name="Verify_ExtensionofTime" time="10.087"/>
  <testcase classname="testCases.TC005_AnnualReturn" name="verify_AnnualReturn" time="3.575"/>
  <testcase classname="testCases.TC006_Amendment" name="verify_Amendment" time="6.801"/>
  <testcase classname="testCases.TC007_TransferShares" name="verify_TransferShares" time="25.96"/>
  <testcase classname="testCases.TC008_SearchMicroBusinessCompany" name="verify_SearchMicroBusinessCompany" time="32.547"/>
  <testcase classname="testCases.TC009_ProtfolioTransactionSummary" name="verifyProfolioTransactionSummary" time="21.986"/>
  <testcase classname="testCases.TC010_Strike_OffMBC" name="verify_StrikOffMBC" time="5.0"/>
  <testcase classname="testCases.TC011_Loginwith_ROCAUser" name="Verify_Login_ROCAUser" time="0.719"/>
  <testcase classname="testCases.TC012_InvestigateMBC" name="Verify_TransferShares" time="11.954">
    <failure type="java.lang.AssertionError" message="null">
      <![CDATA[java.lang.AssertionError: null
at testCases.TC012_InvestigateMBC.Verify_TransferShares(TC012_InvestigateMBC.java:61)
at java.base/java.util.ArrayList.forEach(ArrayList.java:1597)
... Removed 27 stack frames]]>
    </failure>
  </testcase> <!-- Verify_TransferShares -->
  <testcase classname="testCases.TC013_CreateRAUser" name="verify_CreateRAUser" time="3.399"/>
  <testcase classname="testCases.TC014_CreateROCAUser" name="verifyCreateROCAUser" time="2.678"/>
  <testcase classname="testCases.TC015_ModifyROCAUser" name="VerifyModifyROCAUser" time="7.139"/>
</testsuite> <!-- firefoxTest -->
