<?xml version="1.0" encoding="UTF-8"?>
<!-- Generated by org.testng.reporters.JUnitXMLReporter -->
<testsuite ignored="6" hostname="Dellsys66-PC" failures="0" tests="3" name="firefoxTest" time="129.906" errors="0" timestamp="2024-10-28T16:04:51 IST">
  <testcase classname="testCases.TC001_LoginPageTest" name="verify_loginpage" time="6.071"/>
  <testcase classname="testCases.TC002_RegisterMBC" name="Verify_RegisterMBC" time="12.09"/>
  <testcase classname="testCases.TC003_CreateRegAgent" name="Verfiy_CreateRegAgent" time="3.425"/>
  <testcase classname="testCases.TC005_AnnualReturn" name="verify_AnnualReturn" time="0.0">
    <ignored/>
  </testcase> <!-- verify_AnnualReturn -->
  <testcase classname="testCases.TC006_Amendment" name="verify_Amendment" time="0.0">
    <ignored/>
  </testcase> <!-- verify_Amendment -->
  <testcase classname="testCases.TC007_TransferShares" name="verify_TransferShares" time="0.0">
    <ignored/>
  </testcase> <!-- verify_TransferShares -->
  <testcase classname="testCases.TC009_ProtfolioTransactionSummary" name="verifyProfolioTransactionSummary" time="0.0">
    <ignored/>
  </testcase> <!-- verifyProfolioTransactionSummary -->
  <testcase classname="testCases.TC004_ExtensionofTime" name="Verify_ExtensionofTime" time="0.0">
    <ignored/>
  </testcase> <!-- Verify_ExtensionofTime -->
  <testcase classname="testCases.TC008_SearchMicroBusinessCompany" name="verify_SearchMicroBusinessCompany" time="0.0">
    <ignored/>
  </testcase> <!-- verify_SearchMicroBusinessCompany -->
</testsuite> <!-- firefoxTest -->
