<?xml version="1.0" encoding="UTF-8"?>
<!-- Generated by org.testng.reporters.JUnitXMLReporter -->
<testsuite ignored="11" hostname="Dellsys66-PC" failures="1" tests="1" name="Test" time="53.509" errors="0" timestamp="2024-10-29T15:03:40 IST">
  <testcase classname="testCases.TC012_InvestigateMBC" name="Verify_TransferShares" time="12.729">
    <failure type="java.lang.AssertionError" message="null">
      <![CDATA[java.lang.AssertionError: null
at testCases.TC012_InvestigateMBC.Verify_TransferShares(TC012_InvestigateMBC.java:60)
at java.base/java.util.ArrayList.forEach(ArrayList.java:1597)
... Removed 27 stack frames]]>
    </failure>
  </testcase> <!-- Verify_TransferShares -->
  <testcase classname="testCases.TC008_SearchMicroBusinessCompany" name="verify_SearchMicroBusinessCompany" time="0.0">
    <ignored/>
  </testcase> <!-- verify_SearchMicroBusinessCompany -->
  <testcase classname="testCases.TC009_ProtfolioTransactionSummary" name="verifyProfolioTransactionSummary" time="0.0">
    <ignored/>
  </testcase> <!-- verifyProfolioTransactionSummary -->
  <testcase classname="testCases.TC011_Loginwith_ROCAUser" name="Verify_Login_ROCAUser" time="0.0">
    <ignored/>
  </testcase> <!-- Verify_Login_ROCAUser -->
  <testcase classname="testCases.TC001_LoginPageTest" name="verify_loginpage" time="0.0">
    <ignored/>
  </testcase> <!-- verify_loginpage -->
  <testcase classname="testCases.TC005_AnnualReturn" name="verify_AnnualReturn" time="0.0">
    <ignored/>
  </testcase> <!-- verify_AnnualReturn -->
  <testcase classname="testCases.TC004_ExtensionofTime" name="Verify_ExtensionofTime" time="0.0">
    <ignored/>
  </testcase> <!-- Verify_ExtensionofTime -->
  <testcase classname="testCases.TC006_Amendment" name="verify_Amendment" time="0.0">
    <ignored/>
  </testcase> <!-- verify_Amendment -->
  <testcase classname="testCases.TC003_CreateRegAgent" name="Verfiy_CreateRegAgent" time="0.0">
    <ignored/>
  </testcase> <!-- Verfiy_CreateRegAgent -->
  <testcase classname="testCases.TC007_TransferShares" name="verify_TransferShares" time="0.0">
    <ignored/>
  </testcase> <!-- verify_TransferShares -->
  <testcase classname="testCases.TC010_Strike_OffMBC" name="verify_StrikOffMBC" time="0.0">
    <ignored/>
  </testcase> <!-- verify_StrikOffMBC -->
  <testcase classname="testCases.TC002_RegisterMBC" name="Verify_RegisterMBC" time="0.0">
    <ignored/>
  </testcase> <!-- Verify_RegisterMBC -->
</testsuite> <!-- Test -->
